0 info it worked if it ends with ok
1 verbose cli [ 'node', '/usr/local/bin/npm', 'start' ]
2 info using npm@1.4.28
3 info using node@v0.10.36
4 verbose run-script [ 'prestart', 'start', 'poststart' ]
5 info prestart webrtc-explorer-simulator@1.0.0
6 info start webrtc-explorer-simulator@1.0.0
7 verbose unsafe-perm in lifecycle true
8 info webrtc-explorer-simulator@1.0.0 Failed to exec start script
9 error webrtc-explorer-simulator@1.0.0 start: `npm run sass && npm run browserify && node src/index.js`
9 error Exit status 1
10 error Failed at the webrtc-explorer-simulator@1.0.0 start script.
10 error This is most likely a problem with the webrtc-explorer-simulator package,
10 error not with npm itself.
10 error Tell the author that this fails on your system:
10 error     npm run sass && npm run browserify && node src/index.js
10 error You can get their info via:
10 error     npm owner ls webrtc-explorer-simulator
10 error There is likely additional logging output above.
11 error System Darwin 14.3.0
12 error command "node" "/usr/local/bin/npm" "start"
13 error cwd /Users/david/Documents/Code/thesis/_code/webrtc-explorer-simulator
14 error node -v v0.10.36
15 error npm -v 1.4.28
16 error code ELIFECYCLE
17 verbose exit [ 1, true ]
